<?xml version="1.0" encoding="UTF-8"?>
<!-- Generated by org.testng.reporters.JUnitReportReporter -->
<testsuite skipped="0" hostname="LAPTOP-JSFL0IM0" name="TestCases.ThinkitiveTest.Assignment2" tests="3" failures="0" timestamp="2020-10-28T19:13:59 IST" time="21.089" errors="0">
  <testcase name="init" time="9.637" classname="TestCases.ThinkitiveTest.Assignment2"/>
  <system-out/>
  <testcase name="searchProduct" time="10.149" classname="TestCases.ThinkitiveTest.Assignment2"/>
  <system-out/>
  <testcase name="getProductDetails" time="1.303" classname="TestCases.ThinkitiveTest.Assignment2"/>
  <system-out/>
</testsuite> <!-- TestCases.ThinkitiveTest.Assignment2 -->
